date: 2014-04-02 13:17:35.472
argv: node /usr/bin/hexo generate
os: Linux 3.8.0-29-generic linux x64
version:
  hexo: 2.5.2
  http_parser: 1.0
  node: 0.10.25
  v8: 3.14.5.9
  ares: 1.9.0-DEV
  uv: 0.10.23
  zlib: 1.2.3
  modules: 11
  openssl: 1.0.1e
---

[debug] 13:17:34.928 Config file loaded
[debug] 13:17:34.930 Version info checked successfully
[debug] 13:17:35.053 Processed: LICENSE
[debug] 13:17:35.053 Processed: README.md
[debug] 13:17:35.081 Processed: source/css/_base/layout.styl
[debug] 13:17:35.081 Processed: source/css/_base/utils.styl
[debug] 13:17:35.082 Processed: source/css/_base/variable.styl
[debug] 13:17:35.082 Processed: source/css/_partial/archive.styl
[debug] 13:17:35.082 Processed: source/css/_partial/article.styl
[debug] 13:17:35.082 Processed: source/css/_partial/comment.styl
[debug] 13:17:35.082 Processed: source/css/_partial/footer.styl
[debug] 13:17:35.082 Processed: source/css/_partial/header.styl
[debug] 13:17:35.082 Processed: source/css/_partial/index.styl
[debug] 13:17:35.082 Processed: source/css/_partial/sidebar.styl
[debug] 13:17:35.082 Processed: source/css/_partial/syntax.styl
[debug] 13:17:35.097 Processed: source/fancybox/blank.gif
[debug] 13:17:35.098 Processed: source/fancybox/fancybox_loading.gif
[debug] 13:17:35.098 Processed: source/fancybox/fancybox_loading@2x.gif
[debug] 13:17:35.099 Processed: source/fancybox/fancybox_overlay.png
[debug] 13:17:35.101 Processed: source/fancybox/fancybox_sprite.png
[debug] 13:17:35.101 Processed: source/fancybox/fancybox_sprite@2x.png
[debug] 13:17:35.103 Processed: source/fancybox/jquery.fancybox.css
[debug] 13:17:35.105 Processed: source/fancybox/jquery.fancybox.pack.js
[debug] 13:17:35.106 Processed: source/js/gallery.js
[debug] 13:17:35.107 Processed: source/js/jquery.imagesloaded.min.js
[debug] 13:17:35.117 Processed: source/css/style.styl
[debug] 13:17:35.117 Processed: source/css/font/fontawesome-webfont.eot
[debug] 13:17:35.118 Processed: source/css/font/fontawesome-webfont.svg
[debug] 13:17:35.119 Processed: source/css/font/fontawesome-webfont.ttf
[debug] 13:17:35.121 Processed: source/css/font/fontawesome-webfont.woff
[debug] 13:17:35.146 Theme config loaded
[debug] 13:17:35.146 Processed: _config.yml
[debug] 13:17:35.150 Processed: languages/de.yml
[debug] 13:17:35.151 Processed: languages/default.yml
[debug] 13:17:35.155 Processed: languages/ru.yml
[debug] 13:17:35.157 Processed: languages/zh-CN.yml
[debug] 13:17:35.160 Processed: languages/zh-TW.yml
[error] 13:17:35.402 { rawMessage: 'Unable to parse.',
  parsedLine: 3,
  snippet: 'categories:[ubuntu]',
  parsedFile: null,
  message: 'Unable to parse.',
  domain: 
   { domain: null,
     _events: { error: [Function] },
     _maxListeners: 10,
     members: [],
     _disposed: true },
  domainThrown: true }
[debug] 13:17:35.504 Processed: layout/archive.ejs